<?xml version="1.0" encoding="utf-8" standalone="no"?>
<!--This file represents the results of running a test suite-->
<test-results name="C:\Users\Trevor\Development\tadmap\branches\mvc\Tests\Tadmap.nunit" total="2" failures="0" not-run="0" date="2008-12-16" time="21:18:01">
  <environment nunit-version="2.4.8.0" clr-version="2.0.50727.3053" os-version="Microsoft Windows NT 6.0.6001 Service Pack 1" platform="Win32NT" cwd="C:\Program Files (x86)\NUnit 2.4.8\bin" machine-name="TREVOR-PC" user="Trevor" user-domain="Trevor-PC" />
  <culture-info current-culture="en-IE" current-uiculture="en-US" />
  <test-suite name="C:\Users\Trevor\Development\tadmap\branches\mvc\Tests\Tadmap.nunit" success="True" time="0.125" asserts="0">
    <results>
      <test-suite name="C:\Users\Trevor\Development\tadmap\branches\mvc\Tests\TadmapTests\TadmapTests\bin\Release\TadmapTests.dll" success="True" time="0.109" asserts="0">
        <results>
          <test-suite name="TadmapTests" success="True" time="0.109" asserts="0">
            <results>
              <test-suite name="HomeController" success="True" time="0.094" asserts="0">
                <results>
                  <test-case name="TadmapTests.HomeController.SimpleAboutAction" executed="True" success="True" time="0.047" asserts="0" />
                  <test-case name="TadmapTests.HomeController.SimpleIndexAction" executed="True" success="True" time="0.031" asserts="4" />
                </results>
              </test-suite>
            </results>
          </test-suite>
        </results>
      </test-suite>
    </results>
  </test-suite>
</test-results>